0 info it worked if it ends with ok
1 verbose cli [ '/usr/local/bin/node', '/usr/local/bin/npm', 'run', 'start' ]
2 info using npm@3.10.3
3 info using node@v6.7.0
4 verbose run-script [ 'prestart', 'start', 'poststart' ]
5 info lifecycle wd-react-module@1.0.0~prestart: wd-react-module@1.0.0
6 silly lifecycle wd-react-module@1.0.0~prestart: no script for prestart, continuing
7 info lifecycle wd-react-module@1.0.0~start: wd-react-module@1.0.0
8 verbose lifecycle wd-react-module@1.0.0~start: unsafe-perm in lifecycle true
9 verbose lifecycle wd-react-module@1.0.0~start: PATH: /usr/local/lib/node_modules/npm/bin/node-gyp-bin:/Users/wambach/_code/wd-react-module/node_modules/.bin:/usr/local/bin:/usr/local/bin:/usr/bin:/bin:/usr/sbin:/sbin
10 verbose lifecycle wd-react-module@1.0.0~start: CWD: /Users/wambach/_code/wd-react-module
11 silly lifecycle wd-react-module@1.0.0~start: Args: [ '-c', 'npm-run-all --parallel wp-dev-server ws' ]
12 silly lifecycle wd-react-module@1.0.0~start: Returned: code: 1  signal: null
13 info lifecycle wd-react-module@1.0.0~start: Failed to exec start script
14 verbose stack Error: wd-react-module@1.0.0 start: `npm-run-all --parallel wp-dev-server ws`
14 verbose stack Exit status 1
14 verbose stack     at EventEmitter.<anonymous> (/usr/local/lib/node_modules/npm/lib/utils/lifecycle.js:242:16)
14 verbose stack     at emitTwo (events.js:106:13)
14 verbose stack     at EventEmitter.emit (events.js:191:7)
14 verbose stack     at ChildProcess.<anonymous> (/usr/local/lib/node_modules/npm/lib/utils/spawn.js:40:14)
14 verbose stack     at emitTwo (events.js:106:13)
14 verbose stack     at ChildProcess.emit (events.js:191:7)
14 verbose stack     at maybeClose (internal/child_process.js:877:16)
14 verbose stack     at Process.ChildProcess._handle.onexit (internal/child_process.js:226:5)
15 verbose pkgid wd-react-module@1.0.0
16 verbose cwd /Users/wambach/_code/wd-react-module
17 error Darwin 15.6.0
18 error argv "/usr/local/bin/node" "/usr/local/bin/npm" "run" "start"
19 error node v6.7.0
20 error npm  v3.10.3
21 error code ELIFECYCLE
22 error wd-react-module@1.0.0 start: `npm-run-all --parallel wp-dev-server ws`
22 error Exit status 1
23 error Failed at the wd-react-module@1.0.0 start script 'npm-run-all --parallel wp-dev-server ws'.
23 error Make sure you have the latest version of node.js and npm installed.
23 error If you do, this is most likely a problem with the wd-react-module package,
23 error not with npm itself.
23 error Tell the author that this fails on your system:
23 error     npm-run-all --parallel wp-dev-server ws
23 error You can get information on how to open an issue for this project with:
23 error     npm bugs wd-react-module
23 error Or if that isn't available, you can get their info via:
23 error     npm owner ls wd-react-module
23 error There is likely additional logging output above.
24 verbose exit [ 1, true ]
